<?xml version="1.0" encoding="UTF-8"?>
<!-- Generated by org.testng.reporters.JUnitReportReporter -->
<testsuite hostname="GCS93-PC" failures="0" tests="1" name="Appium.TodoList.PageObject.FrontPage" time="0.015" errors="0" timestamp="2022-09-02T16:28:12 IST" skipped="0">
  <testcase classname="Appium.TodoList.PageObject.FrontPage" name="StartPage" time="0.015"/>
  <system-out/>
</testsuite> <!-- Appium.TodoList.PageObject.FrontPage -->
