<?xml version="1.0" encoding="UTF-8"?>
<!-- Generated by org.testng.reporters.JUnitReportReporter -->
<testsuite hostname="GCS93-PC" failures="0" tests="1" name="Appium.TodoList.FrontPage" time="0.020" errors="0" timestamp="2022-09-05T10:29:41 IST" skipped="0">
  <testcase classname="Appium.TodoList.FrontPage" name="StartPage" time="0.020"/>
  <system-out/>
</testsuite> <!-- Appium.TodoList.FrontPage -->
