<?xml version="1.0" encoding="UTF-8"?>
<!-- Generated by org.testng.reporters.JUnitReportReporter -->
<testsuite hostname="GCS93-PC" failures="0" tests="1" name="Appium.ExtentReport.ExtentReport" time="7.303" errors="0" timestamp="2022-08-23T13:58:00 IST" skipped="0">
  <testcase classname="Appium.ExtentReport.ExtentReport" name="initialCode" time="7.303"/>
  <system-out/>
</testsuite> <!-- Appium.ExtentReport.ExtentReport -->
