<?xml version="1.0" encoding="UTF-8"?>
<!-- Generated by org.testng.reporters.JUnitReportReporter -->
<testsuite hostname="GCS93-PC" failures="0" tests="2" name="Appium.appiumframewokdesign.eCommerce_tc_4_Hybrid" time="137.191" errors="0" timestamp="2022-08-25T11:18:16 IST" skipped="0">
  <testcase classname="Appium.appiumframewokdesign.eCommerce_tc_4_Hybrid" name="FillForm" time="72.379"/>
  <system-out/>
  <testcase classname="Appium.appiumframewokdesign.eCommerce_tc_4_Hybrid" name="FillForm" time="64.812"/>
  <system-out/>
</testsuite> <!-- Appium.appiumframewokdesign.eCommerce_tc_4_Hybrid -->
