<?xml version="1.0" encoding="UTF-8"?>
<!-- Generated by org.testng.reporters.JUnitReportReporter -->
<testsuite hostname="GCS93-PC" failures="0" tests="2" name="Appium.appiumframewokdesign.eCommerenceTest1" time="38.740" errors="0" timestamp="2022-08-25T11:18:16 IST" skipped="0">
  <testcase classname="Appium.appiumframewokdesign.eCommerenceTest1" name="FillForm_ErrorMessage" time="13.665"/>
  <system-out/>
  <testcase classname="Appium.appiumframewokdesign.eCommerenceTest1" name="FillForm_PositiveFlow" time="25.075"/>
  <system-out/>
</testsuite> <!-- Appium.appiumframewokdesign.eCommerenceTest1 -->
