<?xml version="1.0" encoding="UTF-8"?>
<!-- Generated by org.testng.reporters.JUnitReportReporter -->
<testsuite hostname="GCS93-PC" failures="0" tests="1" name="General_store.Test.DemoTest" time="42.673" errors="0" timestamp="2022-09-19T11:32:23 IST" skipped="0">
  <testcase classname="General_store.Test.DemoTest" name="formPage" time="42.673"/>
  <system-out/>
</testsuite> <!-- General_store.Test.DemoTest -->
