<?xml version="1.0" encoding="UTF-8"?>
<!-- Generated by org.testng.reporters.JUnitReportReporter -->
<testsuite hostname="GCS93-PC" failures="0" tests="1" name="Appium.launchChromeBrowser.DemoTest" time="25.917" errors="0" timestamp="2022-09-16T13:41:13 IST" skipped="0">
  <testcase classname="Appium.launchChromeBrowser.DemoTest" name="launchCrome" time="25.917"/>
  <system-out/>
</testsuite> <!-- Appium.launchChromeBrowser.DemoTest -->
