<?xml version="1.0" encoding="UTF-8"?>
<!-- Generated by org.testng.reporters.JUnitReportReporter -->
<testsuite hostname="GCS93-PC" failures="0" tests="2" name="Appium.appiumframewokdesign.eCommerce_tc_4_Hybrid" time="131.644" errors="0" timestamp="2022-08-24T12:50:04 IST" skipped="0">
  <testcase classname="Appium.appiumframewokdesign.eCommerce_tc_4_Hybrid" name="FillForm" time="62.955"/>
  <system-out/>
  <testcase classname="Appium.appiumframewokdesign.eCommerce_tc_4_Hybrid" name="FillForm" time="68.689"/>
  <system-out/>
</testsuite> <!-- Appium.appiumframewokdesign.eCommerce_tc_4_Hybrid -->
