<?xml version="1.0" encoding="UTF-8"?>
<!-- Generated by org.testng.reporters.JUnitReportReporter -->
<testsuite hostname="GCS93-PC" failures="0" tests="3" name="test.Day3" time="0.039" errors="0" timestamp="2022-08-26T16:11:18 IST" skipped="0">
  <testcase classname="test.Day3" name="APIAppiumloginCar" time="0.025"/>
  <system-out/>
  <testcase classname="test.Day3" name="APIWebloginCar" time="0.005"/>
  <system-out/>
  <testcase classname="test.Day3" name="APIMobileloginCar" time="0.009"/>
  <system-out/>
</testsuite> <!-- test.Day3 -->
