<?xml version="1.0" encoding="UTF-8"?>
<!-- Generated by org.testng.reporters.JUnitReportReporter -->
<testsuite hostname="GCS93-PC" failures="0" tests="2" name="test.Day2" time="0.009" errors="0" timestamp="2022-08-26T16:11:18 IST" skipped="0">
  <testcase classname="test.Day2" name="demo2" time="0.007"/>
  <system-out/>
  <testcase classname="test.Day2" name="demo1" time="0.002"/>
  <system-out/>
</testsuite> <!-- test.Day2 -->
