<?xml version="1.0" encoding="UTF-8"?>
<!-- Generated by org.testng.reporters.JUnitReportReporter -->
<testsuite hostname="GCS93-PC" failures="0" tests="2" name="test.Day1" time="0.036" errors="0" timestamp="2022-08-26T16:11:18 IST" skipped="0">
  <testcase classname="test.Day1" name="demo1" time="0.014"/>
  <system-out/>
  <testcase classname="test.Day1" name="demo" time="0.022"/>
  <system-out/>
</testsuite> <!-- test.Day1 -->
