<?xml version="1.0" encoding="UTF-8"?>
<!-- Generated by org.testng.reporters.JUnitReportReporter -->
<testsuite hostname="GCS93-PC" failures="0" tests="3" name="test.Day4" time="0.031" errors="0" timestamp="2022-08-26T16:11:18 IST" skipped="0">
  <testcase classname="test.Day4" name="AppiumloginHomeLoan" time="0.005"/>
  <system-out/>
  <testcase classname="test.Day4" name="WebloginHomeLoan" time="0.003"/>
  <system-out/>
  <testcase classname="test.Day4" name="MobileloginHomeLoan" time="0.023"/>
  <system-out/>
</testsuite> <!-- test.Day4 -->
