<?xml version="1.0" encoding="UTF-8"?>
<!-- Generated by org.testng.reporters.JUnitReportReporter -->
<testsuite hostname="GCS93-PC" failures="0" tests="1" name="appium.AndroidGesture" time="17.608" errors="0" timestamp="2022-08-04T12:19:09 IST" skipped="0">
  <testcase classname="appium.AndroidGesture" name="gestureexample" time="17.608"/>
  <system-out/>
</testsuite> <!-- appium.AndroidGesture -->
