<?xml version="1.0" encoding="UTF-8"?>
<!-- Generated by org.testng.reporters.JUnitReportReporter -->
<testsuite hostname="GCS93-PC" failures="0" tests="1" name="appium.DragAndDropGesture" time="4.432" errors="0" timestamp="2022-08-23T14:05:23 IST" skipped="0">
  <testcase classname="appium.DragAndDropGesture" name="swipeDemo" time="4.432"/>
  <system-out/>
</testsuite> <!-- appium.DragAndDropGesture -->
