<?xml version="1.0" encoding="UTF-8"?>
<!-- Generated by org.testng.reporters.JUnitReportReporter -->
<testsuite hostname="GCS93-PC" failures="0" tests="1" name="appium.eCommerenceTest3" time="53.494" errors="0" timestamp="2022-08-11T09:47:31 IST" skipped="0">
  <testcase classname="appium.eCommerenceTest3" name="validateAddtoCart" time="53.494"/>
  <system-out/>
</testsuite> <!-- appium.eCommerenceTest3 -->
