<?xml version="1.0" encoding="UTF-8"?>
<!-- Generated by org.testng.reporters.JUnitReportReporter -->
<testsuite hostname="GCS93-PC" failures="0" tests="1" name="appium.ScrollDemo" time="11.638" errors="0" timestamp="2022-08-04T13:21:09 IST" skipped="0">
  <testcase classname="appium.ScrollDemo" name="scrollexample" time="11.638"/>
  <system-out/>
</testsuite> <!-- appium.ScrollDemo -->
