<?xml version="1.0" encoding="UTF-8"?>
<!-- Generated by org.testng.reporters.JUnitReportReporter -->
<testsuite hostname="GCS93-PC" failures="0" tests="1" name="appium.eCommerenceTest2" time="29.260" errors="0" timestamp="2022-08-11T09:41:46 IST" skipped="0">
  <testcase classname="appium.eCommerenceTest2" name="validateAddtoCart" time="29.260"/>
  <system-out/>
</testsuite> <!-- appium.eCommerenceTest2 -->
