<?xml version="1.0" encoding="UTF-8"?>
<!-- Generated by org.testng.reporters.JUnitReportReporter -->
<testsuite hostname="GCS93-PC" failures="0" tests="1" name="appium.eCommerce_tc_4_Hybrid" time="61.099" errors="0" timestamp="2022-08-16T17:24:20 IST" skipped="0">
  <testcase classname="appium.eCommerce_tc_4_Hybrid" name="FillForm" time="61.099"/>
  <system-out/>
</testsuite> <!-- appium.eCommerce_tc_4_Hybrid -->
