<?xml version="1.0" encoding="UTF-8"?>
<!-- Generated by org.testng.reporters.JUnitReportReporter -->
<testsuite hostname="GCS93-PC" failures="0" tests="1" name="appium.MiscellaniousDemo" time="17.338" errors="0" timestamp="2022-08-09T10:45:36 IST" skipped="0">
  <testcase classname="appium.MiscellaniousDemo" name="rotateMode" time="17.338"/>
  <system-out/>
</testsuite> <!-- appium.MiscellaniousDemo -->
