<?xml version="1.0" encoding="UTF-8"?>
<!-- Generated by org.testng.reporters.JUnitReportReporter -->
<testsuite hostname="GCS93-PC" failures="0" tests="1" name="appium.MobileBrowserTest" time="5.574" errors="0" timestamp="2022-08-11T13:07:50 IST" skipped="0">
  <testcase classname="appium.MobileBrowserTest" name="mobilebrowsertest" time="5.574"/>
  <system-out/>
</testsuite> <!-- appium.MobileBrowserTest -->
