<?xml version="1.0" encoding="UTF-8"?>
<!-- Generated by org.testng.reporters.JUnitReportReporter -->
<testsuite hostname="GCS93-PC" failures="0" tests="1" name="appium.SwipeGesture" time="7.484" errors="0" timestamp="2022-08-04T17:06:27 IST" skipped="0">
  <testcase classname="appium.SwipeGesture" name="swipeDemo" time="7.484"/>
  <system-out/>
</testsuite> <!-- appium.SwipeGesture -->
