<?xml version="1.0" encoding="UTF-8"?>
<!-- Generated by org.testng.reporters.JUnitReportReporter -->
<testsuite hostname="GCS93-PC" failures="0" tests="1" name="appium.eCommerenceTest3_Hybrid" time="102.424" errors="0" timestamp="2022-08-10T15:48:52 IST" skipped="0">
  <testcase classname="appium.eCommerenceTest3_Hybrid" name="validateAddtoCart" time="102.424"/>
  <system-out/>
</testsuite> <!-- appium.eCommerenceTest3_Hybrid -->
