<?xml version="1.0" encoding="UTF-8"?>
<!-- Generated by org.testng.reporters.JUnitReportReporter -->
<testsuite hostname="GCS93-PC" failures="0" tests="1" name="appium.eCommerenceTest1" time="59.682" errors="0" timestamp="2022-08-11T09:38:06 IST" skipped="0">
  <testcase classname="appium.eCommerenceTest1" name="fillForm" time="59.682"/>
  <system-out/>
</testsuite> <!-- appium.eCommerenceTest1 -->
